<?xml version="1.0" encoding="UTF-8"?>
<testsuite name="com.jy.prac.springboot.web.domain.posts.PostsRepositoryTest" tests="2" skipped="0" failures="0" errors="0" timestamp="2021-06-29T16:16:56" hostname="DESKTOP-3VD91IT" time="0.254">
  <properties/>
  <testcase name="게시글저장_불러오기()" classname="com.jy.prac.springboot.web.domain.posts.PostsRepositoryTest" time="0.238"/>
  <testcase name="BaseTimeEntity_등록()" classname="com.jy.prac.springboot.web.domain.posts.PostsRepositoryTest" time="0.014"/>
  <system-out><![CDATA[01:16:50.886 [Test worker] DEBUG org.springframework.test.context.BootstrapUtils - Instantiating CacheAwareContextLoaderDelegate from class [org.springframework.test.context.cache.DefaultCacheAwareContextLoaderDelegate]
01:16:50.901 [Test worker] DEBUG org.springframework.test.context.BootstrapUtils - Instantiating BootstrapContext using constructor [public org.springframework.test.context.support.DefaultBootstrapContext(java.lang.Class,org.springframework.test.context.CacheAwareContextLoaderDelegate)]
01:16:50.945 [Test worker] DEBUG org.springframework.test.context.BootstrapUtils - Instantiating TestContextBootstrapper for test class [com.jy.prac.springboot.web.domain.posts.PostsRepositoryTest] from class [org.springframework.boot.test.context.SpringBootTestContextBootstrapper]
01:16:50.957 [Test worker] INFO org.springframework.boot.test.context.SpringBootTestContextBootstrapper - Neither @ContextConfiguration nor @ContextHierarchy found for test class [com.jy.prac.springboot.web.domain.posts.PostsRepositoryTest], using SpringBootContextLoader
01:16:50.961 [Test worker] DEBUG org.springframework.test.context.support.AbstractContextLoader - Did not detect default resource location for test class [com.jy.prac.springboot.web.domain.posts.PostsRepositoryTest]: class path resource [com/jy/prac/springboot/web/domain/posts/PostsRepositoryTest-context.xml] does not exist
01:16:50.961 [Test worker] DEBUG org.springframework.test.context.support.AbstractContextLoader - Did not detect default resource location for test class [com.jy.prac.springboot.web.domain.posts.PostsRepositoryTest]: class path resource [com/jy/prac/springboot/web/domain/posts/PostsRepositoryTestContext.groovy] does not exist
01:16:50.961 [Test worker] INFO org.springframework.test.context.support.AbstractContextLoader - Could not detect default resource locations for test class [com.jy.prac.springboot.web.domain.posts.PostsRepositoryTest]: no resource found for suffixes {-context.xml, Context.groovy}.
01:16:50.962 [Test worker] INFO org.springframework.test.context.support.AnnotationConfigContextLoaderUtils - Could not detect default configuration classes for test class [com.jy.prac.springboot.web.domain.posts.PostsRepositoryTest]: PostsRepositoryTest does not declare any static, non-private, non-final, nested classes annotated with @Configuration.
01:16:51.015 [Test worker] DEBUG org.springframework.test.context.support.ActiveProfilesUtils - Could not find an 'annotation declaring class' for annotation type [org.springframework.test.context.ActiveProfiles] and class [com.jy.prac.springboot.web.domain.posts.PostsRepositoryTest]
01:16:51.089 [Test worker] DEBUG org.springframework.context.annotation.ClassPathScanningCandidateComponentProvider - Identified candidate component class: file [D:\java\springboot2-webservice\build\classes\java\main\com\jy\prac\springboot\Application.class]
01:16:51.090 [Test worker] INFO org.springframework.boot.test.context.SpringBootTestContextBootstrapper - Found @SpringBootConfiguration com.jy.prac.springboot.Application for test class com.jy.prac.springboot.web.domain.posts.PostsRepositoryTest
01:16:51.195 [Test worker] DEBUG org.springframework.boot.test.context.SpringBootTestContextBootstrapper - @TestExecutionListeners is not present for class [com.jy.prac.springboot.web.domain.posts.PostsRepositoryTest]: using defaults.
01:16:51.195 [Test worker] INFO org.springframework.boot.test.context.SpringBootTestContextBootstrapper - Loaded default TestExecutionListener class names from location [META-INF/spring.factories]: [org.springframework.security.test.context.support.WithSecurityContextTestExecutionListener, org.springframework.security.test.context.support.ReactorContextTestExecutionListener, org.springframework.boot.test.autoconfigure.restdocs.RestDocsTestExecutionListener, org.springframework.boot.test.autoconfigure.web.client.MockRestServiceServerResetTestExecutionListener, org.springframework.boot.test.autoconfigure.web.servlet.MockMvcPrintOnlyOnFailureTestExecutionListener, org.springframework.boot.test.autoconfigure.web.servlet.WebDriverTestExecutionListener, org.springframework.boot.test.autoconfigure.webservices.client.MockWebServiceServerTestExecutionListener, org.springframework.boot.test.mock.mockito.MockitoTestExecutionListener, org.springframework.boot.test.mock.mockito.ResetMocksTestExecutionListener, org.springframework.test.context.web.ServletTestExecutionListener, org.springframework.test.context.support.DirtiesContextBeforeModesTestExecutionListener, org.springframework.test.context.support.DependencyInjectionTestExecutionListener, org.springframework.test.context.support.DirtiesContextTestExecutionListener, org.springframework.test.context.transaction.TransactionalTestExecutionListener, org.springframework.test.context.jdbc.SqlScriptsTestExecutionListener, org.springframework.test.context.event.EventPublishingTestExecutionListener]
01:16:51.216 [Test worker] INFO org.springframework.boot.test.context.SpringBootTestContextBootstrapper - Using TestExecutionListeners: [org.springframework.test.context.web.ServletTestExecutionListener@7de10867, org.springframework.test.context.support.DirtiesContextBeforeModesTestExecutionListener@518b779b, org.springframework.boot.test.mock.mockito.MockitoTestExecutionListener@65bc5ded, org.springframework.boot.test.autoconfigure.SpringBootDependencyInjectionTestExecutionListener@2c4ccbd1, org.springframework.test.context.support.DirtiesContextTestExecutionListener@599b4c0f, org.springframework.test.context.transaction.TransactionalTestExecutionListener@5326cf08, org.springframework.test.context.jdbc.SqlScriptsTestExecutionListener@5472a3b4, org.springframework.security.test.context.support.WithSecurityContextTestExecutionListener@1eaaf8a8, org.springframework.test.context.event.EventPublishingTestExecutionListener@1d522446, org.springframework.security.test.context.support.ReactorContextTestExecutionListener@7869e66b, org.springframework.boot.test.autoconfigure.restdocs.RestDocsTestExecutionListener@39c795d1, org.springframework.boot.test.autoconfigure.web.client.MockRestServiceServerResetTestExecutionListener@706145f9, org.springframework.boot.test.autoconfigure.web.servlet.MockMvcPrintOnlyOnFailureTestExecutionListener@7c1d3fa7, org.springframework.boot.test.autoconfigure.web.servlet.WebDriverTestExecutionListener@4bf0c4f1, org.springframework.boot.test.autoconfigure.webservices.client.MockWebServiceServerTestExecutionListener@4e9cb943, org.springframework.boot.test.mock.mockito.ResetMocksTestExecutionListener@342873e4]
01:16:51.219 [Test worker] DEBUG org.springframework.test.context.support.AbstractDirtiesContextTestExecutionListener - Before test class: context [DefaultTestContext@7ffd6c8e testClass = PostsRepositoryTest, testInstance = [null], testMethod = [null], testException = [null], mergedContextConfiguration = [WebMergedContextConfiguration@50f34c8 testClass = PostsRepositoryTest, locations = '{}', classes = '{class com.jy.prac.springboot.Application}', contextInitializerClasses = '[]', activeProfiles = '{}', propertySourceLocations = '{}', propertySourceProperties = '{org.springframework.boot.test.context.SpringBootTestContextBootstrapper=true}', contextCustomizers = set[org.springframework.boot.test.autoconfigure.actuate.metrics.MetricsExportContextCustomizerFactory$DisableMetricExportContextCustomizer@3247e2af, org.springframework.boot.test.autoconfigure.properties.PropertyMappingContextCustomizer@0, org.springframework.boot.test.autoconfigure.web.servlet.WebDriverContextCustomizerFactory$Customizer@49325eb2, org.springframework.boot.test.context.filter.ExcludeFilterContextCustomizer@64263dcd, org.springframework.boot.test.json.DuplicateJsonObjectContextCustomizerFactory$DuplicateJsonObjectContextCustomizer@44c22c6a, org.springframework.boot.test.mock.mockito.MockitoContextCustomizer@0, org.springframework.boot.test.web.client.TestRestTemplateContextCustomizer@7ad20b6, org.springframework.boot.test.context.SpringBootTestArgs@1, org.springframework.boot.test.context.SpringBootTestWebEnvironment@561797a7], resourceBasePath = 'src/main/webapp', contextLoader = 'org.springframework.boot.test.context.SpringBootContextLoader', parent = [null]], attributes = map['org.springframework.test.context.web.ServletTestExecutionListener.activateListener' -> true]], class annotated with @DirtiesContext [false] with mode [null].
01:16:51.245 [Test worker] DEBUG org.springframework.test.context.support.TestPropertySourceUtils - Adding inlined properties to environment: {spring.jmx.enabled=false, org.springframework.boot.test.context.SpringBootTestContextBootstrapper=true}

  .   ____          _            __ _ _
 /\\ / ___'_ __ _ _(_)_ __  __ _ \ \ \ \
( ( )\___ | '_ | '_| | '_ \/ _` | \ \ \ \
 \\/  ___)| |_)| | | | | || (_| |  ) ) ) )
  '  |____| .__|_| |_|_| |_\__, | / / / /
 =========|_|==============|___/=/_/_/_/
 :: Spring Boot ::                (v2.4.1)

2021-06-30 01:16:51.485  INFO 32132 --- [    Test worker] c.j.p.s.w.d.posts.PostsRepositoryTest    : Starting PostsRepositoryTest using Java 1.8.0_281 on DESKTOP-3VD91IT with PID 32132 (started by JY in D:\java\springboot2-webservice)
2021-06-30 01:16:51.487  INFO 32132 --- [    Test worker] c.j.p.s.w.d.posts.PostsRepositoryTest    : No active profile set, falling back to default profiles: default
2021-06-30 01:16:52.413  INFO 32132 --- [    Test worker] .s.d.r.c.RepositoryConfigurationDelegate : Bootstrapping Spring Data JPA repositories in DEFAULT mode.
2021-06-30 01:16:52.474  INFO 32132 --- [    Test worker] .s.d.r.c.RepositoryConfigurationDelegate : Finished Spring Data repository scanning in 54 ms. Found 2 JPA repository interfaces.
2021-06-30 01:16:53.160  INFO 32132 --- [    Test worker] com.zaxxer.hikari.HikariDataSource       : HikariPool-1 - Starting...
2021-06-30 01:16:53.374  INFO 32132 --- [    Test worker] com.zaxxer.hikari.HikariDataSource       : HikariPool-1 - Start completed.
2021-06-30 01:16:53.458  INFO 32132 --- [    Test worker] o.hibernate.jpa.internal.util.LogHelper  : HHH000204: Processing PersistenceUnitInfo [name: default]
2021-06-30 01:16:53.516  INFO 32132 --- [    Test worker] org.hibernate.Version                    : HHH000412: Hibernate ORM core version 5.4.25.Final
2021-06-30 01:16:53.681  INFO 32132 --- [    Test worker] o.hibernate.annotations.common.Version   : HCANN000001: Hibernate Commons Annotations {5.1.2.Final}
2021-06-30 01:16:53.808  INFO 32132 --- [    Test worker] org.hibernate.dialect.Dialect            : HHH000400: Using dialect: org.hibernate.dialect.MySQL57Dialect
Hibernate: drop table if exists hibernate_sequence
Hibernate: drop table if exists posts
Hibernate: drop table if exists user
Hibernate: create table hibernate_sequence (next_val bigint) engine=InnoDB
Hibernate: insert into hibernate_sequence values ( 1 )
Hibernate: create table posts (id bigint not null, created_date datetime(6), modified_date datetime(6), author varchar(255), content TEXT not null, title varchar(255), primary key (id)) engine=InnoDB
Hibernate: create table user (id bigint not null auto_increment, created_date datetime(6), modified_date datetime(6), email varchar(255) not null, name varchar(255) not null, picture varchar(255), role varchar(255) not null, primary key (id)) engine=InnoDB
2021-06-30 01:16:54.660  INFO 32132 --- [    Test worker] o.h.e.t.j.p.i.JtaPlatformInitiator       : HHH000490: Using JtaPlatform implementation: [org.hibernate.engine.transaction.jta.platform.internal.NoJtaPlatform]
2021-06-30 01:16:54.669  INFO 32132 --- [    Test worker] j.LocalContainerEntityManagerFactoryBean : Initialized JPA EntityManagerFactory for persistence unit 'default'
2021-06-30 01:16:55.160  WARN 32132 --- [    Test worker] JpaBaseConfiguration$JpaWebConfiguration : spring.jpa.open-in-view is enabled by default. Therefore, database queries may be performed during view rendering. Explicitly configure spring.jpa.open-in-view to disable this warning
2021-06-30 01:16:55.837  INFO 32132 --- [    Test worker] o.s.s.web.DefaultSecurityFilterChain     : Will secure any request with [org.springframework.security.web.context.request.async.WebAsyncManagerIntegrationFilter@71526e47, org.springframework.security.web.context.SecurityContextPersistenceFilter@4cfa7c8d, org.springframework.security.web.header.HeaderWriterFilter@ba980b0, org.springframework.security.web.authentication.logout.LogoutFilter@b4ad5de, org.springframework.security.oauth2.client.web.OAuth2AuthorizationRequestRedirectFilter@1ca5435b, org.springframework.security.oauth2.client.web.OAuth2LoginAuthenticationFilter@49fd08ec, org.springframework.security.web.authentication.ui.DefaultLoginPageGeneratingFilter@37533c54, org.springframework.security.web.authentication.ui.DefaultLogoutPageGeneratingFilter@f230119, org.springframework.security.web.savedrequest.RequestCacheAwareFilter@215ac7a5, org.springframework.security.web.servletapi.SecurityContextHolderAwareRequestFilter@525a320e, org.springframework.security.web.authentication.AnonymousAuthenticationFilter@12e955d, org.springframework.security.web.session.SessionManagementFilter@727571dc, org.springframework.security.web.access.ExceptionTranslationFilter@28e2bf63, org.springframework.security.web.access.intercept.FilterSecurityInterceptor@2f465e30]
2021-06-30 01:16:56.185  INFO 32132 --- [    Test worker] o.s.s.concurrent.ThreadPoolTaskExecutor  : Initializing ExecutorService 'applicationTaskExecutor'
2021-06-30 01:16:56.282  INFO 32132 --- [    Test worker] o.s.b.a.w.s.WelcomePageHandlerMapping    : Adding welcome page template: index
2021-06-30 01:16:56.642  INFO 32132 --- [    Test worker] s.a.ScheduledAnnotationBeanPostProcessor : No TaskScheduler/ScheduledExecutorService bean found for scheduled processing
2021-06-30 01:16:56.650  INFO 32132 --- [    Test worker] c.j.p.s.w.d.posts.PostsRepositoryTest    : Started PostsRepositoryTest in 5.399 seconds (JVM running for 6.793)
Hibernate: select next_val as id_val from hibernate_sequence for update
Hibernate: update hibernate_sequence set next_val= ? where next_val=?
Hibernate: insert into posts (created_date, modified_date, author, content, title, id) values (?, ?, ?, ?, ?, ?)
Hibernate: select posts0_.id as id1_0_, posts0_.created_date as created_2_0_, posts0_.modified_date as modified3_0_, posts0_.author as author4_0_, posts0_.content as content5_0_, posts0_.title as title6_0_ from posts posts0_
Hibernate: select posts0_.id as id1_0_, posts0_.created_date as created_2_0_, posts0_.modified_date as modified3_0_, posts0_.author as author4_0_, posts0_.content as content5_0_, posts0_.title as title6_0_ from posts posts0_
Hibernate: delete from posts where id=?
Hibernate: select next_val as id_val from hibernate_sequence for update
Hibernate: update hibernate_sequence set next_val= ? where next_val=?
Hibernate: insert into posts (created_date, modified_date, author, content, title, id) values (?, ?, ?, ?, ?, ?)
Hibernate: select posts0_.id as id1_0_, posts0_.created_date as created_2_0_, posts0_.modified_date as modified3_0_, posts0_.author as author4_0_, posts0_.content as content5_0_, posts0_.title as title6_0_ from posts posts0_
>>>>>>>>> createDate=2021-06-30T01:16:56.909, modifiedDate=2021-06-30T01:16:56.909
Hibernate: select posts0_.id as id1_0_, posts0_.created_date as created_2_0_, posts0_.modified_date as modified3_0_, posts0_.author as author4_0_, posts0_.content as content5_0_, posts0_.title as title6_0_ from posts posts0_
Hibernate: delete from posts where id=?
]]></system-out>
  <system-err><![CDATA[]]></system-err>
</testsuite>
